<?xml version="1.0" encoding="UTF-8"?>
<!-- Generated by org.testng.reporters.JUnitXMLReporter -->
<testsuite ignored="0" hostname="Rimas-MacBook-Pro.local" failures="0" tests="4" name="AddCustomerTest" time="13.668" errors="0" timestamp="05 Mar 2024 19:43:22 GMT">
  <testcase classname="testcases.AddCustomerTest" name="addCustomer" time="3.89"/>
  <testcase classname="testcases.AddCustomerTest" name="addCustomer" time="3.262"/>
  <testcase classname="testcases.AddCustomerTest" name="addCustomer" time="3.235"/>
  <testcase classname="testcases.AddCustomerTest" name="addCustomer" time="3.253"/>
</testsuite> <!-- AddCustomerTest -->
