<?xml version="1.0" encoding="UTF-8"?>
<!-- Generated by org.testng.reporters.JUnitXMLReporter -->
<testsuite ignored="0" hostname="Rimas-MacBook-Pro.local" failures="0" tests="4" name="AddCustomerTest" time="1.788" errors="0" timestamp="06 Mar 2024 02:26:18 GMT">
  <testcase classname="testcases.AddCustomerTest" name="addCustomer" time="0.81"/>
  <testcase classname="testcases.AddCustomerTest" name="addCustomer" time="0.341"/>
  <testcase classname="testcases.AddCustomerTest" name="addCustomer" time="0.317"/>
  <testcase classname="testcases.AddCustomerTest" name="addCustomer" time="0.289"/>
</testsuite> <!-- AddCustomerTest -->
