<?xml version="1.0" encoding="UTF-8"?>
<!-- Generated by org.testng.reporters.JUnitXMLReporter -->
<testsuite ignored="0" hostname="Rimas-MacBook-Pro.local" failures="1" tests="1" name="BankManagerLoginTest" time="1.069" errors="0" timestamp="07 Mar 2024 04:11:32 GMT">
  <testcase classname="testcases.BankManagerLoginTest" name="clickOnBMLBtn" time="0.639">
    <failure type="java.lang.AssertionError" message="expected [Not logged in as Bank Manager] but found [true]">
      <![CDATA[java.lang.AssertionError: expected [Not logged in as Bank Manager] but found [true]
at testcases.BankManagerLoginTest.clickOnBMLBtn(BankManagerLoginTest.java:15)
... Removed 30 stack frames]]>
    </failure>
  </testcase> <!-- clickOnBMLBtn -->
</testsuite> <!-- BankManagerLoginTest -->
