<?xml version="1.0" encoding="UTF-8"?>
<!-- Generated by org.testng.reporters.JUnitXMLReporter -->
<testsuite ignored="0" hostname="Rimas-MacBook-Pro.local" failures="0" tests="4" name="OpenAccountTest" time="25.252" errors="0" timestamp="09 Mar 2024 00:38:05 GMT">
  <testcase classname="testcases.OpenAccountTest" name="openAccount" time="6.588"/>
  <testcase classname="testcases.OpenAccountTest" name="openAccount" time="6.219"/>
  <testcase classname="testcases.OpenAccountTest" name="openAccount" time="6.226"/>
  <testcase classname="testcases.OpenAccountTest" name="openAccount" time="6.211"/>
</testsuite> <!-- OpenAccountTest -->
