<?xml version="1.0" encoding="UTF-8"?>
<!-- Generated by org.testng.reporters.JUnitXMLReporter -->
<testsuite ignored="0" hostname="Rimas-MacBook-Pro.local" failures="0" tests="4" name="OpenAccountTest" time="1.467" errors="0" timestamp="09 Mar 2024 23:02:39 GMT">
  <testcase classname="testcases.OpenAccountTest" name="openAccount" time="0.629"/>
  <testcase classname="testcases.OpenAccountTest" name="openAccount" time="0.283"/>
  <testcase classname="testcases.OpenAccountTest" name="openAccount" time="0.277"/>
  <testcase classname="testcases.OpenAccountTest" name="openAccount" time="0.268"/>
</testsuite> <!-- OpenAccountTest -->
