<?xml version="1.0" encoding="UTF-8"?>
<testng-results ignored="0" total="1" passed="1" failed="0" skipped="0">
  <reporter-output>
  </reporter-output>
  <suite started-at="2024-03-03T00:38:27Z" name="Default suite" finished-at="2024-03-03T00:38:27Z" duration-ms="201">
    <groups>
    </groups>
    <test started-at="2024-03-03T00:38:27Z" name="Default test" finished-at="2024-03-03T00:38:27Z" duration-ms="201">
      <class name="testcases.BankManagerLoginTest">
        <test-method is-config="true" signature="setup()[pri:0, instance:testcases.BankManagerLoginTest@1e6a3214]" started-at="2024-03-03T00:38:21Z" name="setup" finished-at="2024-03-03T00:38:27Z" duration-ms="5675" status="PASS">
          <reporter-output>
          </reporter-output>
        </test-method> <!-- setup -->
        <test-method signature="clickOnBMLBtn()[pri:0, instance:testcases.BankManagerLoginTest@1e6a3214]" started-at="2024-03-03T00:38:27Z" name="clickOnBMLBtn" finished-at="2024-03-03T00:38:27Z" duration-ms="188" status="PASS">
          <reporter-output>
          </reporter-output>
        </test-method> <!-- clickOnBMLBtn -->
        <test-method is-config="true" signature="tearDown()[pri:0, instance:testcases.BankManagerLoginTest@1e6a3214]" started-at="2024-03-03T00:38:27Z" name="tearDown" finished-at="2024-03-03T00:38:28Z" duration-ms="166" status="PASS">
          <reporter-output>
          </reporter-output>
        </test-method> <!-- tearDown -->
      </class> <!-- testcases.BankManagerLoginTest -->
    </test> <!-- Default test -->
  </suite> <!-- Default suite -->
</testng-results>
